This is pdfTeX, Version 3.14159265-2.6-1.40.19 (MiKTeX 2.9.6840) (preloaded format=pdflatex 2018.10.15)  24 DEC 2018 20:03
entering extended mode
**./Final-Report.tex
(Final-Report.tex
LaTeX2e <2018-04-01> patch level 5
(IEEEtran.cls
Document Class: IEEEtran 2015/08/26 V1.8b by Michael Shell
-- See the "IEEEtran_HOWTO" manual for usage information.
-- http://www.michaelshell.org/tex/ieeetran/
\@IEEEtrantmpdimenA=\dimen102
\@IEEEtrantmpdimenB=\dimen103
\@IEEEtrantmpdimenC=\dimen104
\@IEEEtrantmpcountA=\count80
\@IEEEtrantmpcountB=\count81
\@IEEEtrantmpcountC=\count82
\@IEEEtrantmptoksA=\toks14
LaTeX Font Info:    Try loading font information for OT1+ptm on input line 503.


("/Users/MacbookPro/Library/Application Support/MiKTeX/texmfs/install/tex/latex
/psnfss/ot1ptm.fd"
File: ot1ptm.fd 2001/06/04 font definitions for OT1/ptm.
)
-- Using 8.5in x 11in (letter) paper.
-- Using PDF output.
\@IEEEnormalsizeunitybaselineskip=\dimen105
-- This is a 10 point document.
\CLASSINFOnormalsizebaselineskip=\dimen106
\CLASSINFOnormalsizeunitybaselineskip=\dimen107
\IEEEnormaljot=\dimen108
LaTeX Font Info:    Font shape `OT1/ptm/bx/n' in size <5> not available
(Font)              Font shape `OT1/ptm/b/n' tried instead on input line 1090.
LaTeX Font Info:    Font shape `OT1/ptm/bx/it' in size <5> not available
(Font)              Font shape `OT1/ptm/b/it' tried instead on input line 1090.

LaTeX Font Info:    Font shape `OT1/ptm/bx/n' in size <7> not available
(Font)              Font shape `OT1/ptm/b/n' tried instead on input line 1090.
LaTeX Font Info:    Font shape `OT1/ptm/bx/it' in size <7> not available
(Font)              Font shape `OT1/ptm/b/it' tried instead on input line 1090.

LaTeX Font Info:    Font shape `OT1/ptm/bx/n' in size <8> not available
(Font)              Font shape `OT1/ptm/b/n' tried instead on input line 1090.
LaTeX Font Info:    Font shape `OT1/ptm/bx/it' in size <8> not available
(Font)              Font shape `OT1/ptm/b/it' tried instead on input line 1090.

LaTeX Font Info:    Font shape `OT1/ptm/bx/n' in size <9> not available
(Font)              Font shape `OT1/ptm/b/n' tried instead on input line 1090.
LaTeX Font Info:    Font shape `OT1/ptm/bx/it' in size <9> not available
(Font)              Font shape `OT1/ptm/b/it' tried instead on input line 1090.

LaTeX Font Info:    Font shape `OT1/ptm/bx/n' in size <10> not available
(Font)              Font shape `OT1/ptm/b/n' tried instead on input line 1090.
LaTeX Font Info:    Font shape `OT1/ptm/bx/it' in size <10> not available
(Font)              Font shape `OT1/ptm/b/it' tried instead on input line 1090.

LaTeX Font Info:    Font shape `OT1/ptm/bx/n' in size <11> not available
(Font)              Font shape `OT1/ptm/b/n' tried instead on input line 1090.
LaTeX Font Info:    Font shape `OT1/ptm/bx/it' in size <11> not available
(Font)              Font shape `OT1/ptm/b/it' tried instead on input line 1090.

LaTeX Font Info:    Font shape `OT1/ptm/bx/n' in size <12> not available
(Font)              Font shape `OT1/ptm/b/n' tried instead on input line 1090.
LaTeX Font Info:    Font shape `OT1/ptm/bx/it' in size <12> not available
(Font)              Font shape `OT1/ptm/b/it' tried instead on input line 1090.

LaTeX Font Info:    Font shape `OT1/ptm/bx/n' in size <17> not available
(Font)              Font shape `OT1/ptm/b/n' tried instead on input line 1090.
LaTeX Font Info:    Font shape `OT1/ptm/bx/it' in size <17> not available
(Font)              Font shape `OT1/ptm/b/it' tried instead on input line 1090.

LaTeX Font Info:    Font shape `OT1/ptm/bx/n' in size <20> not available
(Font)              Font shape `OT1/ptm/b/n' tried instead on input line 1090.
LaTeX Font Info:    Font shape `OT1/ptm/bx/it' in size <20> not available
(Font)              Font shape `OT1/ptm/b/it' tried instead on input line 1090.

LaTeX Font Info:    Font shape `OT1/ptm/bx/n' in size <24> not available
(Font)              Font shape `OT1/ptm/b/n' tried instead on input line 1090.
LaTeX Font Info:    Font shape `OT1/ptm/bx/it' in size <24> not available
(Font)              Font shape `OT1/ptm/b/it' tried instead on input line 1090.

\IEEEquantizedlength=\dimen109
\IEEEquantizedlengthdiff=\dimen110
\IEEEquantizedtextheightdiff=\dimen111
\IEEEilabelindentA=\dimen112
\IEEEilabelindentB=\dimen113
\IEEEilabelindent=\dimen114
\IEEEelabelindent=\dimen115
\IEEEdlabelindent=\dimen116
\IEEElabelindent=\dimen117
\IEEEiednormlabelsep=\dimen118
\IEEEiedmathlabelsep=\dimen119
\IEEEiedtopsep=\skip41
\c@section=\count83
\c@subsection=\count84
\c@subsubsection=\count85
\c@paragraph=\count86
\c@IEEEsubequation=\count87
\abovecaptionskip=\skip42
\belowcaptionskip=\skip43
\c@figure=\count88
\c@table=\count89
\@IEEEeqnnumcols=\count90
\@IEEEeqncolcnt=\count91
\@IEEEsubeqnnumrollback=\count92
\@IEEEquantizeheightA=\dimen120
\@IEEEquantizeheightB=\dimen121
\@IEEEquantizeheightC=\dimen122
\@IEEEquantizeprevdepth=\dimen123
\@IEEEquantizemultiple=\count93
\@IEEEquantizeboxA=\box26
\@IEEEtmpitemindent=\dimen124
\IEEEPARstartletwidth=\dimen125
\c@IEEEbiography=\count94
\@IEEEtranrubishbin=\box27
)
** ATTENTION: Overriding command lockouts (line 2).

("/Users/MacbookPro/Library/Application Support/MiKTeX/texmfs/install/tex/latex
/cite/cite.sty"
LaTeX Info: Redefining \cite on input line 302.
LaTeX Info: Redefining \nocite on input line 332.
Package: cite 2015/02/27  v 5.5
)
("/Users/MacbookPro/Library/Application Support/MiKTeX/texmfs/install/tex/latex
/amsmath/amsmath.sty"
Package: amsmath 2017/09/02 v2.17a AMS math features
\@mathmargin=\skip44

For additional information on amsmath, use the `?' option.

("/Users/MacbookPro/Library/Application Support/MiKTeX/texmfs/install/tex/latex
/amsmath/amstext.sty"
Package: amstext 2000/06/29 v2.01 AMS text

("/Users/MacbookPro/Library/Application Support/MiKTeX/texmfs/install/tex/latex
/amsmath/amsgen.sty"
File: amsgen.sty 1999/11/30 v2.0 generic functions
\@emptytoks=\toks15
\ex@=\dimen126
))
("/Users/MacbookPro/Library/Application Support/MiKTeX/texmfs/install/tex/latex
/amsmath/amsbsy.sty"
Package: amsbsy 1999/11/29 v1.2d Bold Symbols
\pmbraise@=\dimen127
)
("/Users/MacbookPro/Library/Application Support/MiKTeX/texmfs/install/tex/latex
/amsmath/amsopn.sty"
Package: amsopn 2016/03/08 v2.02 operator names
)
\inf@bad=\count95
LaTeX Info: Redefining \frac on input line 213.
\uproot@=\count96
\leftroot@=\count97
LaTeX Info: Redefining \overline on input line 375.
\classnum@=\count98
\DOTSCASE@=\count99
LaTeX Info: Redefining \ldots on input line 472.
LaTeX Info: Redefining \dots on input line 475.
LaTeX Info: Redefining \cdots on input line 596.
\Mathstrutbox@=\box28
\strutbox@=\box29
\big@size=\dimen128
LaTeX Font Info:    Redeclaring font encoding OML on input line 712.
LaTeX Font Info:    Redeclaring font encoding OMS on input line 713.
\macc@depth=\count100
\c@MaxMatrixCols=\count101
\dotsspace@=\muskip10
\c@parentequation=\count102
\dspbrk@lvl=\count103
\tag@help=\toks16
\row@=\count104
\column@=\count105
\maxfields@=\count106
\andhelp@=\toks17
\eqnshift@=\dimen129
\alignsep@=\dimen130
\tagshift@=\dimen131
\tagwidth@=\dimen132
\totwidth@=\dimen133
\lineht@=\dimen134
\@envbody=\toks18
\multlinegap=\skip45
\multlinetaggap=\skip46
\mathdisplay@stack=\toks19
LaTeX Info: Redefining \[ on input line 2817.
LaTeX Info: Redefining \] on input line 2818.
)
("/Users/MacbookPro/Library/Application Support/MiKTeX/texmfs/install/tex/latex
/amsfonts/amssymb.sty"
Package: amssymb 2013/01/14 v3.01 AMS font symbols

("/Users/MacbookPro/Library/Application Support/MiKTeX/texmfs/install/tex/latex
/amsfonts/amsfonts.sty"
Package: amsfonts 2013/01/14 v3.01 Basic AMSFonts support
\symAMSa=\mathgroup4
\symAMSb=\mathgroup5
LaTeX Font Info:    Overwriting math alphabet `\mathfrak' in version `bold'
(Font)                  U/euf/m/n --> U/euf/b/n on input line 106.
))
("/Users/MacbookPro/Library/Application Support/MiKTeX/texmfs/install/tex/latex
/algorithms/algorithmic.sty"
Package: algorithmic 2009/08/24 v0.1 Document Style `algorithmic'

("/Users/MacbookPro/Library/Application Support/MiKTeX/texmfs/install/tex/latex
/base/ifthen.sty"
Package: ifthen 2014/09/29 v1.1c Standard LaTeX ifthen package (DPC)
)
("/Users/MacbookPro/Library/Application Support/MiKTeX/texmfs/install/tex/latex
/graphics/keyval.sty"
Package: keyval 2014/10/28 v1.15 key=value parser (DPC)
\KV@toks@=\toks20
)
\c@ALC@unique=\count107
\c@ALC@line=\count108
\c@ALC@rem=\count109
\c@ALC@depth=\count110
\ALC@tlm=\skip47
\algorithmicindent=\skip48
)
("/Users/MacbookPro/Library/Application Support/MiKTeX/texmfs/install/tex/latex
/graphics/graphicx.sty"
Package: graphicx 2017/06/01 v1.1a Enhanced LaTeX Graphics (DPC,SPQR)

("/Users/MacbookPro/Library/Application Support/MiKTeX/texmfs/install/tex/latex
/graphics/graphics.sty"
Package: graphics 2017/06/25 v1.2c Standard LaTeX Graphics (DPC,SPQR)

("/Users/MacbookPro/Library/Application Support/MiKTeX/texmfs/install/tex/latex
/graphics/trig.sty"
Package: trig 2016/01/03 v1.10 sin cos tan (DPC)
)
("/Users/MacbookPro/Library/Application Support/MiKTeX/texmfs/install/tex/latex
/graphics-cfg/graphics.cfg"
File: graphics.cfg 2016/06/04 v1.11 sample graphics configuration
)
Package graphics Info: Driver file: pdftex.def on input line 99.

("/Users/MacbookPro/Library/Application Support/MiKTeX/texmfs/install/tex/latex
/graphics-def/pdftex.def"
File: pdftex.def 2018/01/08 v1.0l Graphics/color driver for pdftex
))
\Gin@req@height=\dimen135
\Gin@req@width=\dimen136
)
("/Users/MacbookPro/Library/Application Support/MiKTeX/texmfs/install/tex/latex
/base/textcomp.sty"
Package: textcomp 2017/04/05 v2.0i Standard LaTeX package
Package textcomp Info: Sub-encoding information:
(textcomp)               5 = only ISO-Adobe without \textcurrency
(textcomp)               4 = 5 + \texteuro
(textcomp)               3 = 4 + \textohm
(textcomp)               2 = 3 + \textestimated + \textcurrency
(textcomp)               1 = TS1 - \textcircled - \t
(textcomp)               0 = TS1 (full)
(textcomp)             Font families with sub-encoding setting implement
(textcomp)             only a restricted character set as indicated.
(textcomp)             Family '?' is the default used for unknown fonts.
(textcomp)             See the documentation for details.
Package textcomp Info: Setting ? sub-encoding to TS1/1 on input line 79.

("/Users/MacbookPro/Library/Application Support/MiKTeX/texmfs/install/tex/latex
/base/ts1enc.def"
File: ts1enc.def 2001/06/05 v3.0e (jk/car/fm) Standard LaTeX file
Now handling font encoding TS1 ...
... processing UTF-8 mapping file for font encoding TS1

("/Users/MacbookPro/Library/Application Support/MiKTeX/texmfs/install/tex/latex
/base/ts1enc.dfu"
File: ts1enc.dfu 2018/04/05 v1.2c UTF-8 support for inputenc
   defining Unicode char U+00A2 (decimal 162)
   defining Unicode char U+00A3 (decimal 163)
   defining Unicode char U+00A4 (decimal 164)
   defining Unicode char U+00A5 (decimal 165)
   defining Unicode char U+00A6 (decimal 166)
   defining Unicode char U+00A7 (decimal 167)
   defining Unicode char U+00A8 (decimal 168)
   defining Unicode char U+00A9 (decimal 169)
   defining Unicode char U+00AA (decimal 170)
   defining Unicode char U+00AC (decimal 172)
   defining Unicode char U+00AE (decimal 174)
   defining Unicode char U+00AF (decimal 175)
   defining Unicode char U+00B0 (decimal 176)
   defining Unicode char U+00B1 (decimal 177)
   defining Unicode char U+00B2 (decimal 178)
   defining Unicode char U+00B3 (decimal 179)
   defining Unicode char U+00B4 (decimal 180)
   defining Unicode char U+00B5 (decimal 181)
   defining Unicode char U+00B6 (decimal 182)
   defining Unicode char U+00B7 (decimal 183)
   defining Unicode char U+00B9 (decimal 185)
   defining Unicode char U+00BA (decimal 186)
   defining Unicode char U+00BC (decimal 188)
   defining Unicode char U+00BD (decimal 189)
   defining Unicode char U+00BE (decimal 190)
   defining Unicode char U+00D7 (decimal 215)
   defining Unicode char U+00F7 (decimal 247)
   defining Unicode char U+0192 (decimal 402)
   defining Unicode char U+02C7 (decimal 711)
   defining Unicode char U+02D8 (decimal 728)
   defining Unicode char U+02DD (decimal 733)
   defining Unicode char U+0E3F (decimal 3647)
   defining Unicode char U+2016 (decimal 8214)
   defining Unicode char U+2020 (decimal 8224)
   defining Unicode char U+2021 (decimal 8225)
   defining Unicode char U+2022 (decimal 8226)
   defining Unicode char U+2030 (decimal 8240)
   defining Unicode char U+2031 (decimal 8241)
   defining Unicode char U+203B (decimal 8251)
   defining Unicode char U+203D (decimal 8253)
   defining Unicode char U+2044 (decimal 8260)
   defining Unicode char U+204E (decimal 8270)
   defining Unicode char U+2052 (decimal 8274)
   defining Unicode char U+20A1 (decimal 8353)
   defining Unicode char U+20A4 (decimal 8356)
   defining Unicode char U+20A6 (decimal 8358)
   defining Unicode char U+20A9 (decimal 8361)
   defining Unicode char U+20AB (decimal 8363)
   defining Unicode char U+20AC (decimal 8364)
   defining Unicode char U+20B1 (decimal 8369)
   defining Unicode char U+2103 (decimal 8451)
   defining Unicode char U+2116 (decimal 8470)
   defining Unicode char U+2117 (decimal 8471)
   defining Unicode char U+211E (decimal 8478)
   defining Unicode char U+2120 (decimal 8480)
   defining Unicode char U+2122 (decimal 8482)
   defining Unicode char U+2126 (decimal 8486)
   defining Unicode char U+2127 (decimal 8487)
   defining Unicode char U+212E (decimal 8494)
   defining Unicode char U+2190 (decimal 8592)
   defining Unicode char U+2191 (decimal 8593)
   defining Unicode char U+2192 (decimal 8594)
   defining Unicode char U+2193 (decimal 8595)
   defining Unicode char U+2329 (decimal 9001)
   defining Unicode char U+232A (decimal 9002)
   defining Unicode char U+2422 (decimal 9250)
   defining Unicode char U+25E6 (decimal 9702)
   defining Unicode char U+25EF (decimal 9711)
   defining Unicode char U+266A (decimal 9834)
   defining Unicode char U+FEFF (decimal 65279)
))
LaTeX Info: Redefining \oldstylenums on input line 334.
Package textcomp Info: Setting cmr sub-encoding to TS1/0 on input line 349.
Package textcomp Info: Setting cmss sub-encoding to TS1/0 on input line 350.
Package textcomp Info: Setting cmtt sub-encoding to TS1/0 on input line 351.
Package textcomp Info: Setting cmvtt sub-encoding to TS1/0 on input line 352.
Package textcomp Info: Setting cmbr sub-encoding to TS1/0 on input line 353.
Package textcomp Info: Setting cmtl sub-encoding to TS1/0 on input line 354.
Package textcomp Info: Setting ccr sub-encoding to TS1/0 on input line 355.
Package textcomp Info: Setting ptm sub-encoding to TS1/4 on input line 356.
Package textcomp Info: Setting pcr sub-encoding to TS1/4 on input line 357.
Package textcomp Info: Setting phv sub-encoding to TS1/4 on input line 358.
Package textcomp Info: Setting ppl sub-encoding to TS1/3 on input line 359.
Package textcomp Info: Setting pag sub-encoding to TS1/4 on input line 360.
Package textcomp Info: Setting pbk sub-encoding to TS1/4 on input line 361.
Package textcomp Info: Setting pnc sub-encoding to TS1/4 on input line 362.
Package textcomp Info: Setting pzc sub-encoding to TS1/4 on input line 363.
Package textcomp Info: Setting bch sub-encoding to TS1/4 on input line 364.
Package textcomp Info: Setting put sub-encoding to TS1/5 on input line 365.
Package textcomp Info: Setting uag sub-encoding to TS1/5 on input line 366.
Package textcomp Info: Setting ugq sub-encoding to TS1/5 on input line 367.
Package textcomp Info: Setting ul8 sub-encoding to TS1/4 on input line 368.
Package textcomp Info: Setting ul9 sub-encoding to TS1/4 on input line 369.
Package textcomp Info: Setting augie sub-encoding to TS1/5 on input line 370.
Package textcomp Info: Setting dayrom sub-encoding to TS1/3 on input line 371.
Package textcomp Info: Setting dayroms sub-encoding to TS1/3 on input line 372.

Package textcomp Info: Setting pxr sub-encoding to TS1/0 on input line 373.
Package textcomp Info: Setting pxss sub-encoding to TS1/0 on input line 374.
Package textcomp Info: Setting pxtt sub-encoding to TS1/0 on input line 375.
Package textcomp Info: Setting txr sub-encoding to TS1/0 on input line 376.
Package textcomp Info: Setting txss sub-encoding to TS1/0 on input line 377.
Package textcomp Info: Setting txtt sub-encoding to TS1/0 on input line 378.
Package textcomp Info: Setting lmr sub-encoding to TS1/0 on input line 379.
Package textcomp Info: Setting lmdh sub-encoding to TS1/0 on input line 380.
Package textcomp Info: Setting lmss sub-encoding to TS1/0 on input line 381.
Package textcomp Info: Setting lmssq sub-encoding to TS1/0 on input line 382.
Package textcomp Info: Setting lmvtt sub-encoding to TS1/0 on input line 383.
Package textcomp Info: Setting lmtt sub-encoding to TS1/0 on input line 384.
Package textcomp Info: Setting qhv sub-encoding to TS1/0 on input line 385.
Package textcomp Info: Setting qag sub-encoding to TS1/0 on input line 386.
Package textcomp Info: Setting qbk sub-encoding to TS1/0 on input line 387.
Package textcomp Info: Setting qcr sub-encoding to TS1/0 on input line 388.
Package textcomp Info: Setting qcs sub-encoding to TS1/0 on input line 389.
Package textcomp Info: Setting qpl sub-encoding to TS1/0 on input line 390.
Package textcomp Info: Setting qtm sub-encoding to TS1/0 on input line 391.
Package textcomp Info: Setting qzc sub-encoding to TS1/0 on input line 392.
Package textcomp Info: Setting qhvc sub-encoding to TS1/0 on input line 393.
Package textcomp Info: Setting futs sub-encoding to TS1/4 on input line 394.
Package textcomp Info: Setting futx sub-encoding to TS1/4 on input line 395.
Package textcomp Info: Setting futj sub-encoding to TS1/4 on input line 396.
Package textcomp Info: Setting hlh sub-encoding to TS1/3 on input line 397.
Package textcomp Info: Setting hls sub-encoding to TS1/3 on input line 398.
Package textcomp Info: Setting hlst sub-encoding to TS1/3 on input line 399.
Package textcomp Info: Setting hlct sub-encoding to TS1/5 on input line 400.
Package textcomp Info: Setting hlx sub-encoding to TS1/5 on input line 401.
Package textcomp Info: Setting hlce sub-encoding to TS1/5 on input line 402.
Package textcomp Info: Setting hlcn sub-encoding to TS1/5 on input line 403.
Package textcomp Info: Setting hlcw sub-encoding to TS1/5 on input line 404.
Package textcomp Info: Setting hlcf sub-encoding to TS1/5 on input line 405.
Package textcomp Info: Setting pplx sub-encoding to TS1/3 on input line 406.
Package textcomp Info: Setting pplj sub-encoding to TS1/3 on input line 407.
Package textcomp Info: Setting ptmx sub-encoding to TS1/4 on input line 408.
Package textcomp Info: Setting ptmj sub-encoding to TS1/4 on input line 409.
)
("/Users/MacbookPro/Library/Application Support/MiKTeX/texmfs/install/tex/latex
/xcolor/xcolor.sty"
Package: xcolor 2016/05/11 v2.12 LaTeX color extensions (UK)

("/Users/MacbookPro/Library/Application Support/MiKTeX/texmfs/install/tex/latex
/graphics-cfg/color.cfg"
File: color.cfg 2016/01/02 v1.6 sample color configuration
)
Package xcolor Info: Driver file: pdftex.def on input line 225.
Package xcolor Info: Model `cmy' substituted by `cmy0' on input line 1348.
Package xcolor Info: Model `hsb' substituted by `rgb' on input line 1352.
Package xcolor Info: Model `RGB' extended on input line 1364.
Package xcolor Info: Model `HTML' substituted by `rgb' on input line 1366.
Package xcolor Info: Model `Hsb' substituted by `hsb' on input line 1367.
Package xcolor Info: Model `tHsb' substituted by `hsb' on input line 1368.
Package xcolor Info: Model `HSB' substituted by `hsb' on input line 1369.
Package xcolor Info: Model `Gray' substituted by `gray' on input line 1370.
Package xcolor Info: Model `wave' substituted by `hsb' on input line 1371.
)
("/Users/MacbookPro/Library/Application Support/MiKTeX/texmfs/install/tex/latex
/hyperref/hyperref.sty"
Package: hyperref 2018/11/30 v6.88e Hypertext links for LaTeX

("/Users/MacbookPro/Library/Application Support/MiKTeX/texmfs/install/tex/gener
ic/oberdiek/hobsub-hyperref.sty"
Package: hobsub-hyperref 2016/05/16 v1.14 Bundle oberdiek, subset hyperref (HO)


("/Users/MacbookPro/Library/Application Support/MiKTeX/texmfs/install/tex/gener
ic/oberdiek/hobsub-generic.sty"
Package: hobsub-generic 2016/05/16 v1.14 Bundle oberdiek, subset generic (HO)
Package: hobsub 2016/05/16 v1.14 Construct package bundles (HO)
Package: infwarerr 2016/05/16 v1.4 Providing info/warning/error messages (HO)
Package: ltxcmds 2016/05/16 v1.23 LaTeX kernel commands for general use (HO)
Package: ifluatex 2016/05/16 v1.4 Provides the ifluatex switch (HO)
Package ifluatex Info: LuaTeX not detected.
Package: ifvtex 2016/05/16 v1.6 Detect VTeX and its facilities (HO)
Package ifvtex Info: VTeX not detected.
Package: intcalc 2016/05/16 v1.2 Expandable calculations with integers (HO)
Package: ifpdf 2018/09/07 v3.3 Provides the ifpdf switch
Package: etexcmds 2016/05/16 v1.6 Avoid name clashes with e-TeX commands (HO)
Package etexcmds Info: Could not find \expanded.
(etexcmds)             That can mean that you are not using pdfTeX 1.50 or
(etexcmds)             that some package has redefined \expanded.
(etexcmds)             In the latter case, load this package earlier.
Package: kvsetkeys 2016/05/16 v1.17 Key value parser (HO)
Package: kvdefinekeys 2016/05/16 v1.4 Define keys (HO)
Package: pdftexcmds 2018/09/10 v0.29 Utility functions of pdfTeX for LuaTeX (HO
)
Package pdftexcmds Info: LuaTeX not detected.
Package pdftexcmds Info: \pdf@primitive is available.
Package pdftexcmds Info: \pdf@ifprimitive is available.
Package pdftexcmds Info: \pdfdraftmode found.
Package: pdfescape 2016/05/16 v1.14 Implements pdfTeX's escape features (HO)
Package: bigintcalc 2016/05/16 v1.4 Expandable calculations on big integers (HO
)
Package: bitset 2016/05/16 v1.2 Handle bit-vector datatype (HO)
Package: uniquecounter 2016/05/16 v1.3 Provide unlimited unique counter (HO)
)
Package hobsub Info: Skipping package `hobsub' (already loaded).
Package: letltxmacro 2016/05/16 v1.5 Let assignment for LaTeX macros (HO)
Package: hopatch 2016/05/16 v1.3 Wrapper for package hooks (HO)
Package: xcolor-patch 2016/05/16 xcolor patch
Package: atveryend 2016/05/16 v1.9 Hooks at the very end of document (HO)
Package atveryend Info: \enddocument detected (standard20110627).
Package: atbegshi 2016/06/09 v1.18 At begin shipout hook (HO)
Package: refcount 2016/05/16 v3.5 Data extraction from label references (HO)
Package: hycolor 2016/05/16 v1.8 Color options for hyperref/bookmark (HO)
)
("/Users/MacbookPro/Library/Application Support/MiKTeX/texmfs/install/tex/gener
ic/ifxetex/ifxetex.sty"
Package: ifxetex 2010/09/12 v0.6 Provides ifxetex conditional
)
("/Users/MacbookPro/Library/Application Support/MiKTeX/texmfs/install/tex/latex
/oberdiek/auxhook.sty"
Package: auxhook 2016/05/16 v1.4 Hooks for auxiliary files (HO)
)
("/Users/MacbookPro/Library/Application Support/MiKTeX/texmfs/install/tex/latex
/oberdiek/kvoptions.sty"
Package: kvoptions 2016/05/16 v3.12 Key value format for package options (HO)
)
\@linkdim=\dimen137
\Hy@linkcounter=\count111
\Hy@pagecounter=\count112

("/Users/MacbookPro/Library/Application Support/MiKTeX/texmfs/install/tex/latex
/hyperref/pd1enc.def"
File: pd1enc.def 2018/11/30 v6.88e Hyperref: PDFDocEncoding definition (HO)
Now handling font encoding PD1 ...
... no UTF-8 mapping file for font encoding PD1
)
\Hy@SavedSpaceFactor=\count113

("/Users/MacbookPro/Library/Application Support/MiKTeX/texmfs/install/tex/latex
/00miktex/hyperref.cfg"
File: hyperref.cfg 2002/06/06 v1.2 hyperref configuration of TeXLive
)
Package hyperref Info: Hyper figures OFF on input line 4519.
Package hyperref Info: Link nesting OFF on input line 4524.
Package hyperref Info: Hyper index ON on input line 4527.
Package hyperref Info: Plain pages OFF on input line 4534.
Package hyperref Info: Backreferencing OFF on input line 4539.
Package hyperref Info: Implicit mode ON; LaTeX internals redefined.
Package hyperref Info: Bookmarks ON on input line 4772.
\c@Hy@tempcnt=\count114

("/Users/MacbookPro/Library/Application Support/MiKTeX/texmfs/install/tex/latex
/url/url.sty"
\Urlmuskip=\muskip11
Package: url 2013/09/16  ver 3.4  Verb mode for urls, etc.
)
LaTeX Info: Redefining \url on input line 5125.
\XeTeXLinkMargin=\dimen138
\Fld@menulength=\count115
\Field@Width=\dimen139
\Fld@charsize=\dimen140
Package hyperref Info: Hyper figures OFF on input line 6380.
Package hyperref Info: Link nesting OFF on input line 6385.
Package hyperref Info: Hyper index ON on input line 6388.
Package hyperref Info: backreferencing OFF on input line 6395.
Package hyperref Info: Link coloring OFF on input line 6400.
Package hyperref Info: Link coloring with OCG OFF on input line 6405.
Package hyperref Info: PDF/A mode OFF on input line 6410.
LaTeX Info: Redefining \ref on input line 6450.
LaTeX Info: Redefining \pageref on input line 6454.
\Hy@abspage=\count116
\c@Item=\count117
\c@Hfootnote=\count118
)
Package hyperref Info: Driver (autodetected): hpdftex.

("/Users/MacbookPro/Library/Application Support/MiKTeX/texmfs/install/tex/latex
/hyperref/hpdftex.def"
File: hpdftex.def 2018/11/30 v6.88e Hyperref driver for pdfTeX
\Fld@listcount=\count119
\c@bookmark@seq@number=\count120

("/Users/MacbookPro/Library/Application Support/MiKTeX/texmfs/install/tex/latex
/oberdiek/rerunfilecheck.sty"
Package: rerunfilecheck 2016/05/16 v1.8 Rerun checks for auxiliary files (HO)
Package uniquecounter Info: New unique counter `rerunfilecheck' on input line 2
82.
)
\Hy@SectionHShift=\skip49
)
("/Users/MacbookPro/Library/Application Support/MiKTeX/texmfs/install/tex/latex
/caption/subcaption.sty"
Package: subcaption 2018/05/01 v1.1-162 Sub-captions (AR)

("/Users/MacbookPro/Library/Application Support/MiKTeX/texmfs/install/tex/latex
/caption/caption.sty"
Package: caption 2018/10/06 v3.3-154 Customizing captions (AR)

("/Users/MacbookPro/Library/Application Support/MiKTeX/texmfs/install/tex/latex
/caption/caption3.sty"
Package: caption3 2018/09/12 v1.8c caption3 kernel (AR)
Package caption3 Info: TeX engine: e-TeX on input line 64.
\captionmargin=\dimen141
\captionmargin@=\dimen142
\captionwidth=\dimen143
\caption@tempdima=\dimen144
\caption@indent=\dimen145
\caption@parindent=\dimen146
\caption@hangindent=\dimen147
Package caption Info: Unknown document class (or package),
(caption)             standard defaults will be used.
)

Package caption Warning: Unsupported document class (or package) detected,
(caption)                usage of the caption package is not recommended.
See the caption package documentation for explanation.

Package caption Info: \@makecaption = \long macro:#1#2->\ifx \@captype \@IEEEta
blestring \footnotesize \bgroup \par \centering \@IEEEtabletopskipstrut {\norma
lfont \footnotesize #1}\\{\normalfont \footnotesize \scshape #2}\par \addvspace
 {0.5\baselineskip }\egroup \@IEEEtablecaptionsepspace \else \@IEEEfigurecaptio
nsepspace \setbox \@tempboxa \hbox {\normalfont \footnotesize {#1.}\nobreakspac
e \nobreakspace #2}\ifdim \wd \@tempboxa >\hsize \setbox \@tempboxa \hbox {\nor
malfont \footnotesize {#1.}\nobreakspace \nobreakspace }\parbox [t]{\hsize }{\n
ormalfont \footnotesize \noindent \unhbox \@tempboxa #2}\else \ifCLASSOPTIONcon
ference \hbox to\hsize {\normalfont \footnotesize \hfil \box \@tempboxa \hfil }
\else \hbox to\hsize {\normalfont \footnotesize \box \@tempboxa \hfil }\fi \fi 
\fi .
\c@caption@flags=\count121
\c@ContinuedFloat=\count122
Package caption Info: hyperref package is loaded.
)
\c@subfigure=\count123
\c@subtable=\count124
) (Final-Report.aux)
\openout1 = `Final-Report.aux'.

LaTeX Font Info:    Checking defaults for OML/cmm/m/it on input line 23.
LaTeX Font Info:    ... okay on input line 23.
LaTeX Font Info:    Checking defaults for T1/cmr/m/n on input line 23.
LaTeX Font Info:    ... okay on input line 23.
LaTeX Font Info:    Checking defaults for OT1/cmr/m/n on input line 23.
LaTeX Font Info:    ... okay on input line 23.
LaTeX Font Info:    Checking defaults for OMS/cmsy/m/n on input line 23.
LaTeX Font Info:    ... okay on input line 23.
LaTeX Font Info:    Checking defaults for OMX/cmex/m/n on input line 23.
LaTeX Font Info:    ... okay on input line 23.
LaTeX Font Info:    Checking defaults for U/cmr/m/n on input line 23.
LaTeX Font Info:    ... okay on input line 23.
LaTeX Font Info:    Checking defaults for TS1/cmr/m/n on input line 23.
LaTeX Font Info:    Try loading font information for TS1+cmr on input line 23.

("/Users/MacbookPro/Library/Application Support/MiKTeX/texmfs/install/tex/latex
/base/ts1cmr.fd"
File: ts1cmr.fd 2014/09/29 v2.5h Standard LaTeX font definitions
)
LaTeX Font Info:    ... okay on input line 23.
LaTeX Font Info:    Checking defaults for PD1/pdf/m/n on input line 23.
LaTeX Font Info:    ... okay on input line 23.

-- Lines per column: 56 (exact).

("/Users/MacbookPro/Library/Application Support/MiKTeX/texmfs/install/tex/conte
xt/base/supp-pdf.mkii"
[Loading MPS to PDF converter (version 2006.09.02).]
\scratchcounter=\count125
\scratchdimen=\dimen148
\scratchbox=\box30
\nofMPsegments=\count126
\nofMParguments=\count127
\everyMPshowfont=\toks21
\MPscratchCnt=\count128
\MPscratchDim=\dimen149
\MPnumerator=\count129
\makeMPintoPDFobject=\count130
\everyMPtoPDFconversion=\toks22
)
("/Users/MacbookPro/Library/Application Support/MiKTeX/texmfs/install/tex/latex
/oberdiek/epstopdf-base.sty"
Package: epstopdf-base 2016/05/15 v2.6 Base part for package epstopdf

("/Users/MacbookPro/Library/Application Support/MiKTeX/texmfs/install/tex/latex
/oberdiek/grfext.sty"
Package: grfext 2016/05/16 v1.2 Manage graphics extensions (HO)
)
Package epstopdf-base Info: Redefining graphics rule for `.eps' on input line 4
38.
Package grfext Info: Graphics extension search list:
(grfext)             [.pdf,.png,.jpg,.mps,.jpeg,.jbig2,.jb2,.PDF,.PNG,.JPG,.JPE
G,.JBIG2,.JB2,.eps]
(grfext)             \AppendGraphicsExtensions on input line 456.
)
\AtBeginShipoutBox=\box31
Package hyperref Info: Link coloring OFF on input line 23.

("/Users/MacbookPro/Library/Application Support/MiKTeX/texmfs/install/tex/latex
/hyperref/nameref.sty"
Package: nameref 2016/05/21 v2.44 Cross-referencing by name of section

("/Users/MacbookPro/Library/Application Support/MiKTeX/texmfs/install/tex/gener
ic/oberdiek/gettitlestring.sty"
Package: gettitlestring 2016/05/16 v1.5 Cleanup title references (HO)
)
\c@section@level=\count131
)
LaTeX Info: Redefining \ref on input line 23.
LaTeX Info: Redefining \pageref on input line 23.
LaTeX Info: Redefining \nameref on input line 23.
 (Final-Report.out) (Final-Report.out)
\@outlinefile=\write3
\openout3 = `Final-Report.out'.

Package caption Info: Begin \AtBeginDocument code.
Package caption Info: End \AtBeginDocument code.
LaTeX Font Info:    Try loading font information for OMS+ptm on input line 38.

("/Users/MacbookPro/Library/Application Support/MiKTeX/texmfs/install/tex/latex
/psnfss/omsptm.fd"
File: omsptm.fd 
)
LaTeX Font Info:    Font shape `OMS/ptm/m/n' in size <10> not available
(Font)              Font shape `OMS/cmsy/m/n' tried instead on input line 38.
LaTeX Font Info:    Try loading font information for U+msa on input line 38.

("/Users/MacbookPro/Library/Application Support/MiKTeX/texmfs/install/tex/latex
/amsfonts/umsa.fd"
File: umsa.fd 2013/01/14 v3.01 AMS symbols A
)
LaTeX Font Info:    Try loading font information for U+msb on input line 38.

("/Users/MacbookPro/Library/Application Support/MiKTeX/texmfs/install/tex/latex
/amsfonts/umsb.fd"
File: umsb.fd 2013/01/14 v3.01 AMS symbols B
)
Underfull \hbox (badness 10000) in paragraph at lines 38--38
[][][]\OT1/ptm/m/n/8 The SplitterGUI project files can be downloaded at
 []


Underfull \hbox (badness 1418) in paragraph at lines 49--50
[]\OT1/ptm/m/n/10 The sequential patterns can be found in a trajectory
 []

<splitter.png, id=53, 459.7175pt x 875.27pt>
File: splitter.png Graphic file (type png)
<use splitter.png>
Package pdftex.def Info: splitter.png  used on input line 60.
(pdftex.def)             Requested size: 138.60077pt x 263.89186pt.
[1{/Users/MacbookPro/Library/Application Support/MiKTeX/texmfs/data/pdftex/conf
ig/pdftex.map}


 <./splitter.png>]
<transformed_database.png, id=71, 527.0892pt x 120.9318pt>
File: transformed_database.png Graphic file (type png)
<use transformed_database.png>
Package pdftex.def Info: transformed_database.png  used on input line 76.
(pdftex.def)             Requested size: 252.0pt x 57.81778pt.
<mining_coarse_pattern.png, id=74, 581.0508pt x 495.2904pt>
File: mining_coarse_pattern.png Graphic file (type png)
<use mining_coarse_pattern.png>
Package pdftex.def Info: mining_coarse_pattern.png  used on input line 87.
(pdftex.def)             Requested size: 252.0pt x 214.79964pt.
<graph_coarse_pattern.png, id=78, 336.2964pt x 216.81pt>
File: graph_coarse_pattern.png Graphic file (type png)
<use graph_coarse_pattern.png>
Package pdftex.def Info: graph_coarse_pattern.png  used on input line 97.
(pdftex.def)             Requested size: 252.0pt x 162.46814pt.
 [2 <./transformed_database.png> <./mining_coarse_pattern.png> <./graph_coarse_
pattern.png>]
<"algorithm weighted snippet".png, id=92, 573.342pt x 247.1634pt>
File: "algorithm weighted snippet".png Graphic file (type png)
<use "algorithm weighted snippet".png>
Package pdftex.def Info: "algorithm weighted snippet".png  used on input line 1
08.
(pdftex.def)             Requested size: 252.0pt x 108.6353pt.
<"cluster example".png, id=96, 364.2408pt x 273.6624pt>
File: "cluster example".png Graphic file (type png)
<use "cluster example".png>
Package pdftex.def Info: "cluster example".png  used on input line 116.
(pdftex.def)             Requested size: 100.79846pt x 75.73132pt.
<"lamda community".png, id=97, 333.4056pt x 255.8358pt>
File: "lamda community".png Graphic file (type png)
<use "lamda community".png>
Package pdftex.def Info: "lamda community".png  used on input line 120.
(pdftex.def)             Requested size: 100.79846pt x 77.3447pt.
<"refine coarse".png, id=98, 600.3228pt x 339.669pt>
File: "refine coarse".png Graphic file (type png)
<use "refine coarse".png>
Package pdftex.def Info: "refine coarse".png  used on input line 131.
(pdftex.def)             Requested size: 252.0pt x 142.58226pt.


LaTeX Warning: `!h' float specifier changed to `!ht'.


Underfull \hbox (badness 4454) in paragraph at lines 141--142
[]\OT1/ptm/m/it/10 Sequences\OT1/ptm/m/n/10 , it contains users semantic trajec
tories
 []

<adjacency.png, id=105, 823.3962pt x 257.763pt>
File: adjacency.png Graphic file (type png)
<use adjacency.png>
Package pdftex.def Info: adjacency.png  used on input line 152.
(pdftex.def)             Requested size: 252.0pt x 78.88701pt.

LaTeX Warning: `!h' float specifier changed to `!ht'.

<visual.png, id=107, 894.34125pt x 517.935pt>
File: visual.png Graphic file (type png)
<use visual.png>
Package pdftex.def Info: visual.png  used on input line 160.
(pdftex.def)             Requested size: 252.0pt x 145.93755pt.
[3 <./algorithm weighted snippet.png> <./cluster example.png> <./lamda communit
y.png> <./refine coarse.png>]
<mapDatabase.png, id=126, 542.77782pt x 374.90062pt>
File: mapDatabase.png Graphic file (type png)
<use mapDatabase.png>
Package pdftex.def Info: mapDatabase.png  used on input line 170.
(pdftex.def)             Requested size: 252.0pt x 174.05812pt.


LaTeX Warning: `!h' float specifier changed to `!ht'.

<mapCoarse.png, id=128, 527.72156pt x 375.65344pt>
File: mapCoarse.png Graphic file (type png)
<use mapCoarse.png>
Package pdftex.def Info: mapCoarse.png  used on input line 179.
(pdftex.def)             Requested size: 252.0pt x 179.38301pt.
<mapRefine.png, id=130, 542.025pt x 379.4175pt>
File: mapRefine.png Graphic file (type png)
<use mapRefine.png>
Package pdftex.def Info: mapRefine.png  used on input line 187.
(pdftex.def)             Requested size: 252.0pt x 176.39836pt.
[4 <./adjacency.png> <./visual.png> <./mapDatabase.png (PNG copy)> <./mapCoarse
.png (PNG copy)>] (Final-Report.bbl)

** Conference Paper **
Before submitting the final camera ready copy, remember to:

 1. Manually equalize the lengths of two columns on the last page
 of your paper;

 2. Ensure that any PostScript and/or PDF output post-processing
 uses only Type 1 fonts and that every step in the generation
 process uses the appropriate paper size.

Package atveryend Info: Empty hook `BeforeClearDocument' on input line 201.
[5

 <./mapRefine.png (PNG copy)>]
Package atveryend Info: Empty hook `AfterLastShipout' on input line 201.
 (Final-Report.aux)
Package atveryend Info: Executing hook `AtVeryEndDocument' on input line 201.
Package atveryend Info: Executing hook `AtEndAfterFileList' on input line 201.
Package rerunfilecheck Info: File `Final-Report.out' has not changed.
(rerunfilecheck)             Checksum: E6404B45B0D38D80AC6AB7F878ED3163;730.
Package atveryend Info: Empty hook `AtVeryVeryEnd' on input line 201.
 ) 
Here is how much of TeX's memory you used:
 9137 strings out of 494889
 143471 string characters out of 3176656
 232722 words of memory out of 3000000
 12615 multiletter control sequences out of 15000+200000
 42643 words of font info for 91 fonts, out of 3000000 for 9000
 0 hyphenation exceptions out of 8191
 42i,9n,40p,1068b,490s stack positions out of 5000i,500n,10000p,200000b,50000s
{/Users/MacbookPro/Library/Application Support/MiKTeX/texmfs/install/fonts/en
c/dvips/base/8r.enc}</Users/MacbookPro/Library/Application Support/MiKTeX/texmf
s/install/fonts/type1/public/amsfonts/cm/cmmi10.pfb></Users/MacbookPro/Library/
Application Support/MiKTeX/texmfs/install/fonts/type1/public/amsfonts/cm/cmmi8.
pfb></Users/MacbookPro/Library/Application Support/MiKTeX/texmfs/install/fonts/
type1/public/amsfonts/cm/cmmi9.pfb></Users/MacbookPro/Library/Application Suppo
rt/MiKTeX/texmfs/install/fonts/type1/public/amsfonts/cm/cmr10.pfb></Users/Macbo
okPro/Library/Application Support/MiKTeX/texmfs/install/fonts/type1/public/amsf
onts/cm/cmr7.pfb></Users/MacbookPro/Library/Application Support/MiKTeX/texmfs/i
nstall/fonts/type1/public/amsfonts/cm/cmsy10.pfb></Users/MacbookPro/Library/App
lication Support/MiKTeX/texmfs/install/fonts/type1/urw/times/utmb8a.pfb></Users
/MacbookPro/Library/Application Support/MiKTeX/texmfs/install/fonts/type1/urw/t
imes/utmbi8a.pfb></Users/MacbookPro/Library/Application Support/MiKTeX/texmfs/i
nstall/fonts/type1/urw/times/utmr8a.pfb></Users/MacbookPro/Library/Application 
Support/MiKTeX/texmfs/install/fonts/type1/urw/times/utmri8a.pfb>
Output written on Final-Report.pdf (5 pages, 2674384 bytes).
PDF statistics:
 186 PDF objects out of 1000 (max. 8388607)
 35 named destinations out of 1000 (max. 500000)
 162 words of extra memory for PDF output out of 10000 (max. 10000000)

